c:\dev\projet1015\projet1015\x64\debug\vc143.pdb
c:\dev\projet1015\projet1015\x64\debug\vc143.idb
c:\dev\projet1015\projet1015\x64\debug\source.obj
c:\dev\projet1015\projet1015\x64\debug\map.obj
c:\dev\projet1015\projet1015\x64\debug\room.obj
c:\dev\projet1015\projet1015\x64\debug\position.obj
c:\dev\projet1015\projet1015\x64\debug\player.obj
c:\dev\projet1015\projet1015\x64\debug\gameevents.obj
c:\dev\projet1015\projet1015\x64\debug\gameroom.obj
c:\dev\projet1015\projet1015\x64\debug\printroomvisitor.obj
c:\dev\projet1015\x64\debug\projet1015.pdb
c:\dev\projet1015\projet1015\x64\debug\projet1015.tlog\cl.command.1.tlog
c:\dev\projet1015\projet1015\x64\debug\projet1015.tlog\cl.items.tlog
c:\dev\projet1015\projet1015\x64\debug\projet1015.tlog\cl.read.1.tlog
c:\dev\projet1015\projet1015\x64\debug\projet1015.tlog\cl.write.1.tlog
c:\dev\projet1015\projet1015\x64\debug\projet1015.tlog\link-cvtres.read.1.tlog
c:\dev\projet1015\projet1015\x64\debug\projet1015.tlog\link-cvtres.write.1.tlog
c:\dev\projet1015\projet1015\x64\debug\projet1015.tlog\link-rc.read.1.tlog
c:\dev\projet1015\projet1015\x64\debug\projet1015.tlog\link-rc.write.1.tlog
c:\dev\projet1015\projet1015\x64\debug\projet1015.tlog\link.10336-cvtres.read.1.tlog
c:\dev\projet1015\projet1015\x64\debug\projet1015.tlog\link.10336-cvtres.write.1.tlog
c:\dev\projet1015\projet1015\x64\debug\projet1015.tlog\link.10336-rc.read.1.tlog
c:\dev\projet1015\projet1015\x64\debug\projet1015.tlog\link.10336-rc.write.1.tlog
c:\dev\projet1015\projet1015\x64\debug\projet1015.tlog\link.10336.read.1.tlog
c:\dev\projet1015\projet1015\x64\debug\projet1015.tlog\link.10336.read.2.tlog
c:\dev\projet1015\projet1015\x64\debug\projet1015.tlog\link.10336.read.3.tlog
c:\dev\projet1015\projet1015\x64\debug\projet1015.tlog\link.10336.read.4.tlog
c:\dev\projet1015\projet1015\x64\debug\projet1015.tlog\link.10336.write.1.tlog
c:\dev\projet1015\projet1015\x64\debug\projet1015.tlog\link.command.1.tlog
c:\dev\projet1015\projet1015\x64\debug\projet1015.tlog\link.read.1.tlog
c:\dev\projet1015\projet1015\x64\debug\projet1015.tlog\link.read.2.tlog
c:\dev\projet1015\projet1015\x64\debug\projet1015.tlog\link.read.3.tlog
c:\dev\projet1015\projet1015\x64\debug\projet1015.tlog\link.read.4.tlog
c:\dev\projet1015\projet1015\x64\debug\projet1015.tlog\link.write.1.tlog
